Using pre-set license
Built from '2020.3/staging' branch; Version is '2020.3.25f1 (9b9180224418) revision 10195328'; Using compiler version '192528614'; Build Type 'Release'
OS: 'Windows 10  (10.0.19042) 64bit Education' Language: 'en' Physical Memory: 16315 MB
BatchMode: 1, IsHumanControllingUs: 0, StartBugReporterOnCrash: 0, Is64bit: 1, IsPro: 0

COMMAND LINE ARGUMENTS:
C:\Program Files\Unity\Hub\Editor\2020.3.25f1\Editor\Unity.exe
-adb2
-batchMode
-noUpm
-name
AssetImportWorker0
-projectPath
C:/Users/Simon/UnityProjects/Entwicklungsprojekt/Main Prototype/Spark
-logFile
Logs/AssetImportWorker0.log
-srvPort
56055
Successfully changed project path to: C:/Users/Simon/UnityProjects/Entwicklungsprojekt/Main Prototype/Spark
C:/Users/Simon/UnityProjects/Entwicklungsprojekt/Main Prototype/Spark
Using Asset Import Pipeline V2.
Refreshing native plugins compatible for Editor in 65.93 ms, found 3 plugins.
Preloading 0 native plugins for Editor in 0.00 ms.
Initialize engine version: 2020.3.25f1 (9b9180224418)
[Subsystems] Discovering subsystems at path C:/Program Files/Unity/Hub/Editor/2020.3.25f1/Editor/Data/Resources/UnitySubsystems
[Subsystems] Discovering subsystems at path C:/Users/Simon/UnityProjects/Entwicklungsprojekt/Main Prototype/Spark/Assets
GfxDevice: creating device client; threaded=0
Direct3D:
    Version:  Direct3D 11.0 [level 11.1]
    Renderer: AMD Radeon RX 5700 XT (ID=0x731f)
    Vendor:   
    VRAM:     8151 MB
    Driver:   30.0.13023.1012
Initialize mono
Mono path[0] = 'C:/Program Files/Unity/Hub/Editor/2020.3.25f1/Editor/Data/Managed'
Mono path[1] = 'C:/Program Files/Unity/Hub/Editor/2020.3.25f1/Editor/Data/MonoBleedingEdge/lib/mono/unityjit'
Mono config path = 'C:/Program Files/Unity/Hub/Editor/2020.3.25f1/Editor/Data/MonoBleedingEdge/etc'
Using monoOptions --debugger-agent=transport=dt_socket,embedding=1,server=y,suspend=n,address=127.0.0.1:56988
Begin MonoManager ReloadAssembly
Registering precompiled unity dll's ...
Register platform support module: C:/Program Files/Unity/Hub/Editor/2020.3.25f1/Editor/Data/PlaybackEngines/WindowsStandaloneSupport/UnityEditor.WindowsStandalone.Extensions.dll
Registered in 0.001544 seconds.
Native extension for WindowsStandalone target not found
Refreshing native plugins compatible for Editor in 66.26 ms, found 3 plugins.
Preloading 0 native plugins for Editor in 0.00 ms.
Mono: successfully reloaded assembly
- Completed reload, in  0.502 seconds
Domain Reload Profiling:
	ReloadAssembly (502ms)
		BeginReloadAssembly (48ms)
			ExecutionOrderSort (0ms)
			DisableScriptedObjects (0ms)
			BackupInstance (0ms)
			ReleaseScriptingObjects (0ms)
			CreateAndSetChildDomain (1ms)
		EndReloadAssembly (393ms)
			LoadAssemblies (46ms)
			RebuildTransferFunctionScriptingTraits (0ms)
			SetupTypeCache (119ms)
			ReleaseScriptCaches (0ms)
			RebuildScriptCaches (24ms)
			SetupLoadedEditorAssemblies (168ms)
				LogAssemblyErrors (0ms)
				InitializePlatformSupportModulesInManaged (4ms)
				SetLoadedEditorAssemblies (0ms)
				RefreshPlugins (66ms)
				BeforeProcessingInitializeOnLoad (11ms)
				ProcessInitializeOnLoadAttributes (65ms)
				ProcessInitializeOnLoadMethodAttributes (22ms)
				AfterProcessingInitializeOnLoad (0ms)
				EditorAssembliesLoaded (0ms)
			ExecutionOrderSort2 (0ms)
			AwakeInstancesAfterBackupRestoration (0ms)
Platform modules already initialized, skipping
Registering precompiled user dll's ...
Registered in 0.003642 seconds.
Begin MonoManager ReloadAssembly
Native extension for WindowsStandalone target not found
Refreshing native plugins compatible for Editor in 66.56 ms, found 3 plugins.
Preloading 0 native plugins for Editor in 0.00 ms.
Mono: successfully reloaded assembly
- Completed reload, in  0.980 seconds
Domain Reload Profiling:
	ReloadAssembly (981ms)
		BeginReloadAssembly (122ms)
			ExecutionOrderSort (0ms)
			DisableScriptedObjects (4ms)
			BackupInstance (0ms)
			ReleaseScriptingObjects (0ms)
			CreateAndSetChildDomain (18ms)
		EndReloadAssembly (804ms)
			LoadAssemblies (81ms)
			RebuildTransferFunctionScriptingTraits (0ms)
			SetupTypeCache (252ms)
			ReleaseScriptCaches (1ms)
			RebuildScriptCaches (45ms)
			SetupLoadedEditorAssemblies (330ms)
				LogAssemblyErrors (0ms)
				InitializePlatformSupportModulesInManaged (3ms)
				SetLoadedEditorAssemblies (0ms)
				RefreshPlugins (67ms)
				BeforeProcessingInitializeOnLoad (68ms)
				ProcessInitializeOnLoadAttributes (173ms)
				ProcessInitializeOnLoadMethodAttributes (14ms)
				AfterProcessingInitializeOnLoad (5ms)
				EditorAssembliesLoaded (0ms)
			ExecutionOrderSort2 (0ms)
			AwakeInstancesAfterBackupRestoration (5ms)
Platform modules already initialized, skipping
========================================================================
Worker process is ready to serve import requests
Launched and connected shader compiler UnityShaderCompiler.exe after 0.04 seconds
Refreshing native plugins compatible for Editor in 0.95 ms, found 3 plugins.
Preloading 0 native plugins for Editor in 0.00 ms.
Unloading 2464 Unused Serialized files (Serialized files now loaded: 0)
System memory in use before: 107.3 MB.
System memory in use after: 107.5 MB.

Unloading 29 unused Assets to reduce memory usage. Loaded Objects now: 2899.
Total: 3.105800 ms (FindLiveObjects: 0.243400 ms CreateObjectMapping: 0.069900 ms MarkObjects: 2.733000 ms  DeleteObjects: 0.058400 ms)

AssetImportParameters requested are different than current active one (requested -> active):
  custom:framework-win-MediaFoundation: 216162199b28c13a410421893ffa2e32 -> 
  custom:video-decoder-ogg-theora: a1e56fd34408186e4bbccfd4996cb3dc -> 
  custom:container-muxer-webm: aa71ff27fc2769a1b78a27578f13a17b -> 
  custom:container-demuxer-webm: 4f35f7cbe854078d1ac9338744f61a02 -> 
  custom:container-demuxer-ogg: 62fdf1f143b41e24485cea50d1cbac27 -> 
  custom:video-encoder-webm-vp8: eb34c28f22e8b96e1ab97ce403110664 -> 
  custom:video-decoder-webm-vp8: 9c59270c3fd7afecdb556c50c9e8de78 -> 
  custom:audio-decoder-ogg-vorbis: bf7c407c2cedff20999df2af8eb42d56 -> 
  custom:audio-encoder-webm-vorbis: bf7c407c2cedff20999df2af8eb42d56 -> 
========================================================================
Received Import Request.
  path: Assets/Art/Skeleton/Sprite Sheets/Skeleton Dead.png
  artifactKey: Guid(dee477d25dc7feb479f32fd02701a310) Importer(815301076,1909f56bfc062723c751e8b465ee728b)
Start importing Assets/Art/Skeleton/Sprite Sheets/Skeleton Dead.png using Guid(dee477d25dc7feb479f32fd02701a310) Importer(815301076,1909f56bfc062723c751e8b465ee728b)  -> (artifact id: 'c589c48b23d87003103334d6105bd032') in 0.083424 seconds 
  Import took 0.087071 seconds .

========================================================================
Received Import Request.
  Time since last request: 0.000282 seconds.
  path: Assets/Art/Skeleton/Sprite Sheets/Skeleton React.png
  artifactKey: Guid(0da5e5035a419bc4c934aa67c052e3ad) Importer(815301076,1909f56bfc062723c751e8b465ee728b)
Start importing Assets/Art/Skeleton/Sprite Sheets/Skeleton React.png using Guid(0da5e5035a419bc4c934aa67c052e3ad) Importer(815301076,1909f56bfc062723c751e8b465ee728b)  -> (artifact id: '604146a8df2acbe7167ebfc5bc3f0453') in 0.010305 seconds 
  Import took 0.013454 seconds .

========================================================================
Received Import Request.
  Time since last request: 0.000274 seconds.
  path: Assets/Art/Skeleton/Sprite Sheets/Skeleton Idle.png
  artifactKey: Guid(34fbfa9db57c10347a01ae9161ea64d4) Importer(815301076,1909f56bfc062723c751e8b465ee728b)
Start importing Assets/Art/Skeleton/Sprite Sheets/Skeleton Idle.png using Guid(34fbfa9db57c10347a01ae9161ea64d4) Importer(815301076,1909f56bfc062723c751e8b465ee728b)  -> (artifact id: '740574060b554bd9aefbb7c53222329c') in 0.010404 seconds 
  Import took 0.013794 seconds .

========================================================================
Received Import Request.
  Time since last request: 0.000287 seconds.
  path: Assets/Art/Skeleton/Sprite Sheets/Skeleton Walk.png
  artifactKey: Guid(8eb864f01834bdd4a870df8827086d0e) Importer(815301076,1909f56bfc062723c751e8b465ee728b)
Start importing Assets/Art/Skeleton/Sprite Sheets/Skeleton Walk.png using Guid(8eb864f01834bdd4a870df8827086d0e) Importer(815301076,1909f56bfc062723c751e8b465ee728b)  -> (artifact id: 'c39fb8e2a08c8f2141161572696e6432') in 0.010468 seconds 
  Import took 0.013601 seconds .

========================================================================
Received Import Request.
  Time since last request: 0.000284 seconds.
  path: Assets/Art/Skeleton/Sprite Sheets/Skeleton Attack.png
  artifactKey: Guid(1d55bbf7c06557341af3fb5fd92025df) Importer(815301076,1909f56bfc062723c751e8b465ee728b)
Start importing Assets/Art/Skeleton/Sprite Sheets/Skeleton Attack.png using Guid(1d55bbf7c06557341af3fb5fd92025df) Importer(815301076,1909f56bfc062723c751e8b465ee728b)  -> (artifact id: '1c0ca44a78ea698a8f51efa7fea8d4ee') in 0.010927 seconds 
  Import took 0.014053 seconds .

========================================================================
Received Import Request.
  Time since last request: 0.000275 seconds.
  path: Assets/Art/Skeleton/Sprite Sheets/Skeleton Hit.png
  artifactKey: Guid(b8187ddc26dd5a743b6ac7c47bfc28dc) Importer(815301076,1909f56bfc062723c751e8b465ee728b)
Start importing Assets/Art/Skeleton/Sprite Sheets/Skeleton Hit.png using Guid(b8187ddc26dd5a743b6ac7c47bfc28dc) Importer(815301076,1909f56bfc062723c751e8b465ee728b)  -> (artifact id: '0a931fca8df747f05e5cacf57f39fd18') in 0.010303 seconds 
  Import took 0.013441 seconds .

AssetImportWorkerClient::OnTransportError - code=2 error=End of file
